1764409369.635963 client started (6792): version 3.0a, socket /tmp//tmux-1000/default, protocol 8
1764409369.636005 on Linux 6.6.87.2-microsoft-standard-WSL2 #1 SMP PREEMPT_DYNAMIC Thu Jun  5 18:30:46 UTC 2025; libevent 2.1.11-stable (poll)
1764409369.636034 socket is /tmp//tmux-1000/default
1764409369.636049 trying connect
1764409369.636209 add peer 0x56da8648a2c0: 6 ((nil))
1764409369.636337 sending message 100 to peer 0x56da8648a2c0 (4 bytes)
1764409369.636345 sending message 101 to peer 0x56da8648a2c0 (14 bytes)
1764409369.636349 sending message 102 to peer 0x56da8648a2c0 (11 bytes)
1764409369.636352 sending message 108 to peer 0x56da8648a2c0 (47 bytes)
1764409369.636357 sending message 104 to peer 0x56da8648a2c0 (0 bytes)
1764409369.636362 sending message 107 to peer 0x56da8648a2c0 (4 bytes)
1764409369.636366 sending message 105 to peer 0x56da8648a2c0 (16 bytes)
1764409369.636369 sending message 105 to peer 0x56da8648a2c0 (15 bytes)
1764409369.636373 sending message 105 to peer 0x56da8648a2c0 (24 bytes)
1764409369.636377 sending message 105 to peer 0x56da8648a2c0 (106 bytes)
1764409369.636386 sending message 105 to peer 0x56da8648a2c0 (22 bytes)
1764409369.636392 sending message 105 to peer 0x56da8648a2c0 (17 bytes)
1764409369.636396 sending message 105 to peer 0x56da8648a2c0 (32 bytes)
1764409369.636399 sending message 105 to peer 0x56da8648a2c0 (29 bytes)
1764409369.636403 sending message 105 to peer 0x56da8648a2c0 (36 bytes)
1764409369.636406 sending message 105 to peer 0x56da8648a2c0 (37 bytes)
1764409369.636410 sending message 105 to peer 0x56da8648a2c0 (48 bytes)
1764409369.636413 sending message 105 to peer 0x56da8648a2c0 (17 bytes)
1764409369.636417 sending message 105 to peer 0x56da8648a2c0 (22 bytes)
1764409369.636420 sending message 105 to peer 0x56da8648a2c0 (18 bytes)
1764409369.636424 sending message 105 to peer 0x56da8648a2c0 (20 bytes)
1764409369.636427 sending message 105 to peer 0x56da8648a2c0 (25 bytes)
1764409369.636431 sending message 105 to peer 0x56da8648a2c0 (18 bytes)
1764409369.636434 sending message 105 to peer 0x56da8648a2c0 (22 bytes)
1764409369.636438 sending message 105 to peer 0x56da8648a2c0 (54 bytes)
1764409369.636441 sending message 105 to peer 0x56da8648a2c0 (115 bytes)
1764409369.636445 sending message 105 to peer 0x56da8648a2c0 (21 bytes)
1764409369.636448 sending message 105 to peer 0x56da8648a2c0 (51 bytes)
1764409369.636452 sending message 105 to peer 0x56da8648a2c0 (13 bytes)
1764409369.636455 sending message 105 to peer 0x56da8648a2c0 (16 bytes)
1764409369.636458 sending message 105 to peer 0x56da8648a2c0 (13 bytes)
1764409369.636462 sending message 105 to peer 0x56da8648a2c0 (34 bytes)
1764409369.636465 sending message 105 to peer 0x56da8648a2c0 (24 bytes)
1764409369.636469 sending message 105 to peer 0x56da8648a2c0 (1506 bytes)
1764409369.636475 sending message 105 to peer 0x56da8648a2c0 (26 bytes)
1764409369.636478 sending message 105 to peer 0x56da8648a2c0 (44 bytes)
1764409369.636482 sending message 105 to peer 0x56da8648a2c0 (25 bytes)
1764409369.636485 sending message 105 to peer 0x56da8648a2c0 (27 bytes)
1764409369.636489 sending message 105 to peer 0x56da8648a2c0 (323 bytes)
1764409369.636492 sending message 105 to peer 0x56da8648a2c0 (15 bytes)
1764409369.636496 sending message 105 to peer 0x56da8648a2c0 (17 bytes)
1764409369.636499 sending message 105 to peer 0x56da8648a2c0 (34 bytes)
1764409369.636504 sending message 105 to peer 0x56da8648a2c0 (19 bytes)
1764409369.636510 sending message 105 to peer 0x56da8648a2c0 (32 bytes)
1764409369.636515 sending message 105 to peer 0x56da8648a2c0 (27 bytes)
1764409369.636520 sending message 105 to peer 0x56da8648a2c0 (10 bytes)
1764409369.636525 sending message 105 to peer 0x56da8648a2c0 (13 bytes)
1764409369.636530 sending message 105 to peer 0x56da8648a2c0 (36 bytes)
1764409369.636535 sending message 105 to peer 0x56da8648a2c0 (11 bytes)
1764409369.636541 sending message 105 to peer 0x56da8648a2c0 (8 bytes)
1764409369.636546 sending message 105 to peer 0x56da8648a2c0 (14 bytes)
1764409369.636551 sending message 105 to peer 0x56da8648a2c0 (27 bytes)
1764409369.636569 sending message 105 to peer 0x56da8648a2c0 (32 bytes)
1764409369.636574 sending message 105 to peer 0x56da8648a2c0 (33 bytes)
1764409369.636580 sending message 105 to peer 0x56da8648a2c0 (65 bytes)
1764409369.636586 sending message 105 to peer 0x56da8648a2c0 (868 bytes)
1764409369.636592 sending message 105 to peer 0x56da8648a2c0 (25 bytes)
1764409369.636597 sending message 105 to peer 0x56da8648a2c0 (23 bytes)
1764409369.636603 sending message 105 to peer 0x56da8648a2c0 (54 bytes)
1764409369.636608 sending message 105 to peer 0x56da8648a2c0 (59 bytes)
1764409369.636614 sending message 105 to peer 0x56da8648a2c0 (70 bytes)
1764409369.636620 sending message 105 to peer 0x56da8648a2c0 (16 bytes)
1764409369.636625 sending message 105 to peer 0x56da8648a2c0 (40 bytes)
1764409369.636631 sending message 105 to peer 0x56da8648a2c0 (53 bytes)
1764409369.636637 sending message 105 to peer 0x56da8648a2c0 (262 bytes)
1764409369.636645 sending message 105 to peer 0x56da8648a2c0 (39 bytes)
1764409369.636651 sending message 105 to peer 0x56da8648a2c0 (16 bytes)
1764409369.636656 sending message 106 to peer 0x56da8648a2c0 (0 bytes)
1764409369.636662 sending message 200 to peer 0x56da8648a2c0 (4 bytes)
1764409369.636667 client loop enter
1764409369.637434 peer 0x56da8648a2c0 message 211
1764409369.637451 client_write: sessions should be nested with care, unset $TMUX to force\n
1764409369.637519 peer 0x56da8648a2c0 message 203
1764409369.637582 client loop exit
